c:\users\juanpabloromano\documents\git\texteditorcpp\x64\debug\vc143.pdb
c:\users\juanpabloromano\documents\git\texteditorcpp\x64\debug\vc143.idb
c:\users\juanpabloromano\documents\git\texteditorcpp\x64\debug\main.obj
c:\users\juanpabloromano\documents\git\texteditorcpp\x64\debug\save.obj
c:\users\juanpabloromano\documents\git\texteditorcpp\x64\debug\open.obj
c:\users\juanpabloromano\documents\git\texteditorcpp\x64\debug\navbar.obj
c:\users\juanpabloromano\documents\git\texteditorcpp\x64\debug\texteditor.pdb
c:\users\juanpabloromano\documents\git\texteditorcpp\x64\debug\texteditor.tlog\cl.command.1.tlog
c:\users\juanpabloromano\documents\git\texteditorcpp\x64\debug\texteditor.tlog\cl.read.1.tlog
c:\users\juanpabloromano\documents\git\texteditorcpp\x64\debug\texteditor.tlog\cl.write.1.tlog
c:\users\juanpabloromano\documents\git\texteditorcpp\x64\debug\texteditor.tlog\link-cvtres.read.1.tlog
c:\users\juanpabloromano\documents\git\texteditorcpp\x64\debug\texteditor.tlog\link-cvtres.write.1.tlog
c:\users\juanpabloromano\documents\git\texteditorcpp\x64\debug\texteditor.tlog\link-rc.read.1.tlog
c:\users\juanpabloromano\documents\git\texteditorcpp\x64\debug\texteditor.tlog\link-rc.write.1.tlog
c:\users\juanpabloromano\documents\git\texteditorcpp\x64\debug\texteditor.tlog\link.8064-cvtres.read.1.tlog
c:\users\juanpabloromano\documents\git\texteditorcpp\x64\debug\texteditor.tlog\link.8064-cvtres.write.1.tlog
c:\users\juanpabloromano\documents\git\texteditorcpp\x64\debug\texteditor.tlog\link.8064-rc.read.1.tlog
c:\users\juanpabloromano\documents\git\texteditorcpp\x64\debug\texteditor.tlog\link.8064-rc.write.1.tlog
c:\users\juanpabloromano\documents\git\texteditorcpp\x64\debug\texteditor.tlog\link.8064.read.1.tlog
c:\users\juanpabloromano\documents\git\texteditorcpp\x64\debug\texteditor.tlog\link.8064.read.2.tlog
c:\users\juanpabloromano\documents\git\texteditorcpp\x64\debug\texteditor.tlog\link.8064.write.1.tlog
c:\users\juanpabloromano\documents\git\texteditorcpp\x64\debug\texteditor.tlog\link.command.1.tlog
c:\users\juanpabloromano\documents\git\texteditorcpp\x64\debug\texteditor.tlog\link.read.1.tlog
c:\users\juanpabloromano\documents\git\texteditorcpp\x64\debug\texteditor.tlog\link.read.2.tlog
c:\users\juanpabloromano\documents\git\texteditorcpp\x64\debug\texteditor.tlog\link.write.1.tlog
